<?xml version="1.0" encoding="UTF-8"?>
<!-- Generated by org.testng.reporters.JUnitXMLReporter -->
<testsuite ignored="5" hostname="hp252734T" failures="0" tests="2" name="parallelTest" time="4.416" errors="0" timestamp="2024-08-22T11:19:32 IST">
  <testcase classname="testScript.LoginPage_Test" name="verifyUserIsAbleToLoginUsingValidCredentials" time="0.716"/>
  <testcase classname="testScript.DeleteAdminUser_Test" name="verifyUserIsAbleToDeleteUserFromList" time="1.524"/>
  <testcase classname="testScript.LoginPage_Test" name="verifyUserIsAbleToLoginUsingValidUsernameInvalidPassword" time="0.0">
    <ignored/>
  </testcase> <!-- verifyUserIsAbleToLoginUsingValidUsernameInvalidPassword -->
  <testcase classname="testScript.LoginPage_Test" name="verifyUserIsAbleToLoginUsinginvalidcredentials" time="0.0">
    <ignored/>
  </testcase> <!-- verifyUserIsAbleToLoginUsinginvalidcredentials -->
  <testcase classname="testScript.LoginPage_Test" name="verifyUserIsAbleToLoginUsingInvalidUsernameValidPassword" time="0.0">
    <ignored/>
  </testcase> <!-- verifyUserIsAbleToLoginUsingInvalidUsernameValidPassword -->
  <testcase classname="testScript.Base" name="f" time="0.0">
    <ignored/>
  </testcase> <!-- f -->
  <testcase classname="testScript.Base" name="f" time="0.0">
    <ignored/>
  </testcase> <!-- f -->
</testsuite> <!-- parallelTest -->
