<?xml version="1.0" encoding="UTF-8"?>
<!-- Generated by org.testng.reporters.JUnitXMLReporter -->
<testsuite ignored="10" hostname="hp252734T" failures="5" tests="7" name="TestngFile" time="58.234" errors="0" timestamp="2024-08-22T11:37:15 IST">
  <testcase classname="testScript.LoginPage_Test" name="verifyUserIsAbleToLoginUsingValidCredentials" time="0.949"/>
  <testcase classname="testScript.SearchInSubCatagoryList_Test" name="verifyUserIsAbleToSearchSubCatagory" time="1.217">
    <failure type="java.lang.NoSuchMethodError" message="&amp;apos;java.lang.ClassLoader[] org.apache.logging.log4j.util.LoaderUtil.getClassLoaders()&amp;apos;">
      <![CDATA[java.lang.NoSuchMethodError: 'java.lang.ClassLoader[] org.apache.logging.log4j.util.LoaderUtil.getClassLoaders()'
at org.apache.logging.log4j.core.impl.ThreadContextDataInjector.getServiceProviders(ThreadContextDataInjector.java:83)
at org.apache.logging.log4j.core.impl.ThreadContextDataInjector.initServiceProviders(ThreadContextDataInjector.java:73)
at org.apache.logging.log4j.core.impl.ThreadContextDataInjector.getProviders(ThreadContextDataInjector.java:285)
at org.apache.logging.log4j.core.impl.ThreadContextDataInjector.access$000(ThreadContextDataInjector.java:55)
at org.apache.logging.log4j.core.impl.ThreadContextDataInjector$ForCopyOnWriteThreadContextMap.<init>(ThreadContextDataInjector.java:226)
at org.apache.logging.log4j.core.impl.ContextDataInjectorFactory.createDefaultInjector(ContextDataInjectorFactory.java:94)
at org.apache.logging.log4j.core.impl.ContextDataInjectorFactory.createInjector(ContextDataInjectorFactory.java:71)
at org.apache.logging.log4j.core.lookup.ContextMapLookup.<init>(ContextMapLookup.java:34)
at org.apache.logging.log4j.core.lookup.Interpolator.<init>(Interpolator.java:126)
at org.apache.logging.log4j.core.config.AbstractConfiguration.<init>(AbstractConfiguration.java:129)
at org.apache.logging.log4j.core.config.NullConfiguration.<init>(NullConfiguration.java:32)
at org.apache.logging.log4j.core.LoggerContext.<clinit>(LoggerContext.java:87)
at org.apache.logging.log4j.core.selector.ClassLoaderContextSelector.createContext(ClassLoaderContextSelector.java:248)
at org.apache.logging.log4j.core.selector.ClassLoaderContextSelector.locateContext(ClassLoaderContextSelector.java:212)
at org.apache.logging.log4j.core.selector.ClassLoaderContextSelector.getContext(ClassLoaderContextSelector.java:136)
at org.apache.logging.log4j.core.selector.ClassLoaderContextSelector.getContext(ClassLoaderContextSelector.java:123)
at org.apache.logging.log4j.core.selector.ClassLoaderContextSelector.getContext(ClassLoaderContextSelector.java:117)
at org.apache.logging.log4j.core.impl.Log4jContextFactory.getContext(Log4jContextFactory.java:150)
at org.apache.logging.log4j.core.impl.Log4jContextFactory.getContext(Log4jContextFactory.java:47)
at org.apache.logging.log4j.LogManager.getContext(LogManager.java:196)
at org.apache.logging.log4j.LogManager.getLogger(LogManager.java:599)
at org.apache.poi.ooxml.POIXMLDocumentPart.<clinit>(POIXMLDocumentPart.java:56)
at utilities.ExcelUtilities.getStringData(ExcelUtilities.java:22)
at testScript.SearchInSubCatagoryList_Test.verifyUserIsAbleToSearchSubCatagory(SearchInSubCatagoryList_Test.java:26)
at java.base/java.util.ArrayList.forEach(ArrayList.java:1511)
... Removed 27 stack frames]]>
    </failure>
  </testcase> <!-- verifyUserIsAbleToSearchSubCatagory -->
  <testcase classname="testScript.NewAdminUser_Test" name="verifyUserIsAbleToAddNewUser" time="10.686">
    <failure type="org.openqa.selenium.ElementNotInteractableException" message="element not interactable
  (Session info: chrome=127.0.6533.120)
Build info: version: &amp;apos;4.21.0&amp;apos;, revision: &amp;apos;79ed462ef4&amp;apos;
System info: os.name: &amp;apos;Windows 11&amp;apos;, os.arch: &amp;apos;amd64&amp;apos;, os.version: &amp;apos;10.0&amp;apos;, java.version: &amp;apos;17.0.10&amp;apos;
Driver info: org.openqa.selenium.chrome.ChromeDriver
Command: [f6c8b6ca9d34cdb8249ea59cde392b37, clickElement {id=f.C671184EF59D3DB179DF7BBC91B07F01.d.F07C54471BF732C2B1FBA2CE9AA59C6C.e.298}]
Capabilities {acceptInsecureCerts: false, browserName: chrome, browserVersion: 127.0.6533.120, chrome: {chromedriverVersion: 127.0.6533.119 (bdef6783a05..., userDataDir: C:\Users\donat\AppData\Loca...}, fedcm:accounts: true, goog:chromeOptions: {debuggerAddress: localhost:64229}, networkConnectionEnabled: false, pageLoadStrategy: normal, platformName: windows, proxy: Proxy(), se:cdp: ws://localhost:64229/devtoo..., se:cdpVersion: 127.0.6533.120, setWindowRect: true, strictFileInteractability: false, timeouts: {implicit: 0, pageLoad: 300000, script: 30000}, unhandledPromptBehavior: dismiss and notify, webauthn:extension:credBlob: true, webauthn:extension:largeBlob: true, webauthn:extension:minPinLength: true, webauthn:extension:prf: true, webauthn:virtualAuthenticators: true}
Element: [[ChromeDriver: chrome on windows (f6c8b6ca9d34cdb8249ea59cde392b37)] -&amp;gt; xpath: //a[@href=&amp;apos;https://groceryapp.uniqassosiates.com/admin/list-admin&amp;apos;]]
Session ID: f6c8b6ca9d34cdb8249ea59cde392b37">
      <![CDATA[org.openqa.selenium.ElementNotInteractableException: element not interactable
  (Session info: chrome=127.0.6533.120)
Build info: version: '4.21.0', revision: '79ed462ef4'
System info: os.name: 'Windows 11', os.arch: 'amd64', os.version: '10.0', java.version: '17.0.10'
Driver info: org.openqa.selenium.chrome.ChromeDriver
Command: [f6c8b6ca9d34cdb8249ea59cde392b37, clickElement {id=f.C671184EF59D3DB179DF7BBC91B07F01.d.F07C54471BF732C2B1FBA2CE9AA59C6C.e.298}]
Capabilities {acceptInsecureCerts: false, browserName: chrome, browserVersion: 127.0.6533.120, chrome: {chromedriverVersion: 127.0.6533.119 (bdef6783a05..., userDataDir: C:\Users\donat\AppData\Loca...}, fedcm:accounts: true, goog:chromeOptions: {debuggerAddress: localhost:64229}, networkConnectionEnabled: false, pageLoadStrategy: normal, platformName: windows, proxy: Proxy(), se:cdp: ws://localhost:64229/devtoo..., se:cdpVersion: 127.0.6533.120, setWindowRect: true, strictFileInteractability: false, timeouts: {implicit: 0, pageLoad: 300000, script: 30000}, unhandledPromptBehavior: dismiss and notify, webauthn:extension:credBlob: true, webauthn:extension:largeBlob: true, webauthn:extension:minPinLength: true, webauthn:extension:prf: true, webauthn:virtualAuthenticators: true}
Element: [[ChromeDriver: chrome on windows (f6c8b6ca9d34cdb8249ea59cde392b37)] -> xpath: //a[@href='https://groceryapp.uniqassosiates.com/admin/list-admin']]
Session ID: f6c8b6ca9d34cdb8249ea59cde392b37
at org.openqa.selenium.remote.ErrorCodec.decode(ErrorCodec.java:167)
at org.openqa.selenium.remote.codec.w3c.W3CHttpResponseCodec.decode(W3CHttpResponseCodec.java:138)
at org.openqa.selenium.remote.codec.w3c.W3CHttpResponseCodec.decode(W3CHttpResponseCodec.java:50)
at org.openqa.selenium.remote.HttpCommandExecutor.execute(HttpCommandExecutor.java:190)
at org.openqa.selenium.remote.service.DriverCommandExecutor.invokeExecute(DriverCommandExecutor.java:216)
at org.openqa.selenium.remote.service.DriverCommandExecutor.execute(DriverCommandExecutor.java:174)
at org.openqa.selenium.remote.RemoteWebDriver.execute(RemoteWebDriver.java:518)
at org.openqa.selenium.remote.RemoteWebElement.execute(RemoteWebElement.java:223)
at org.openqa.selenium.remote.RemoteWebElement.click(RemoteWebElement.java:76)
at org.openqa.selenium.support.pagefactory.internal.LocatingElementHandler.invoke(LocatingElementHandler.java:51)
at jdk.proxy2/jdk.proxy2.$Proxy15.click(Unknown Source)
at pages.NewAdminUser_Page.openAdminUserPage(NewAdminUser_Page.java:29)
at testScript.NewAdminUser_Test.verifyUserIsAbleToAddNewUser(NewAdminUser_Test.java:24)
at java.base/java.util.ArrayList.forEach(ArrayList.java:1511)
... Removed 36 stack frames]]>
    </failure>
  </testcase> <!-- verifyUserIsAbleToAddNewUser -->
  <testcase classname="testScript.SearchCatagory_Test" name="verifyUserAbleToSearchCategory" time="0.0">
    <failure type="org.testng.TestNGException" message="
Parameter &amp;apos;Catagory&amp;apos; is required by @Test on method verifyUserAbleToSearchCategory but has not been marked @Optional or defined
in C:\Users\donat\git\AutomationProject\Automation_Project\parameters.xml">
      <![CDATA[org.testng.TestNGException: 
Parameter 'Catagory' is required by @Test on method verifyUserAbleToSearchCategory but has not been marked @Optional or defined
in C:\Users\donat\git\AutomationProject\Automation_Project\parameters.xml
at java.base/java.util.ArrayList.forEach(ArrayList.java:1511)
... Removed 26 stack frames]]>
    </failure>
  </testcase> <!-- verifyUserAbleToSearchCategory -->
  <testcase classname="testScript.SearchAdminUser_Test" name="verifyUserIsAbleToSearchUser" time="11.146">
    <failure type="org.openqa.selenium.ElementNotInteractableException" message="element not interactable
  (Session info: chrome=127.0.6533.120)
Build info: version: &amp;apos;4.21.0&amp;apos;, revision: &amp;apos;79ed462ef4&amp;apos;
System info: os.name: &amp;apos;Windows 11&amp;apos;, os.arch: &amp;apos;amd64&amp;apos;, os.version: &amp;apos;10.0&amp;apos;, java.version: &amp;apos;17.0.10&amp;apos;
Driver info: org.openqa.selenium.chrome.ChromeDriver
Command: [ee2eae86ff32f635835e75e5b5fc44ec, clickElement {id=f.94229AEFDEDC4302EDE2C9E34CE6E6C1.d.DCD597A45CE5052288D3F449CB95C251.e.298}]
Capabilities {acceptInsecureCerts: false, browserName: chrome, browserVersion: 127.0.6533.120, chrome: {chromedriverVersion: 127.0.6533.119 (bdef6783a05..., userDataDir: C:\Users\donat\AppData\Loca...}, fedcm:accounts: true, goog:chromeOptions: {debuggerAddress: localhost:64272}, networkConnectionEnabled: false, pageLoadStrategy: normal, platformName: windows, proxy: Proxy(), se:cdp: ws://localhost:64272/devtoo..., se:cdpVersion: 127.0.6533.120, setWindowRect: true, strictFileInteractability: false, timeouts: {implicit: 0, pageLoad: 300000, script: 30000}, unhandledPromptBehavior: dismiss and notify, webauthn:extension:credBlob: true, webauthn:extension:largeBlob: true, webauthn:extension:minPinLength: true, webauthn:extension:prf: true, webauthn:virtualAuthenticators: true}
Element: [[ChromeDriver: chrome on windows (ee2eae86ff32f635835e75e5b5fc44ec)] -&amp;gt; xpath: //a[@href=&amp;apos;https://groceryapp.uniqassosiates.com/admin/list-admin&amp;apos;]]
Session ID: ee2eae86ff32f635835e75e5b5fc44ec">
      <![CDATA[org.openqa.selenium.ElementNotInteractableException: element not interactable
  (Session info: chrome=127.0.6533.120)
Build info: version: '4.21.0', revision: '79ed462ef4'
System info: os.name: 'Windows 11', os.arch: 'amd64', os.version: '10.0', java.version: '17.0.10'
Driver info: org.openqa.selenium.chrome.ChromeDriver
Command: [ee2eae86ff32f635835e75e5b5fc44ec, clickElement {id=f.94229AEFDEDC4302EDE2C9E34CE6E6C1.d.DCD597A45CE5052288D3F449CB95C251.e.298}]
Capabilities {acceptInsecureCerts: false, browserName: chrome, browserVersion: 127.0.6533.120, chrome: {chromedriverVersion: 127.0.6533.119 (bdef6783a05..., userDataDir: C:\Users\donat\AppData\Loca...}, fedcm:accounts: true, goog:chromeOptions: {debuggerAddress: localhost:64272}, networkConnectionEnabled: false, pageLoadStrategy: normal, platformName: windows, proxy: Proxy(), se:cdp: ws://localhost:64272/devtoo..., se:cdpVersion: 127.0.6533.120, setWindowRect: true, strictFileInteractability: false, timeouts: {implicit: 0, pageLoad: 300000, script: 30000}, unhandledPromptBehavior: dismiss and notify, webauthn:extension:credBlob: true, webauthn:extension:largeBlob: true, webauthn:extension:minPinLength: true, webauthn:extension:prf: true, webauthn:virtualAuthenticators: true}
Element: [[ChromeDriver: chrome on windows (ee2eae86ff32f635835e75e5b5fc44ec)] -> xpath: //a[@href='https://groceryapp.uniqassosiates.com/admin/list-admin']]
Session ID: ee2eae86ff32f635835e75e5b5fc44ec
at org.openqa.selenium.remote.ErrorCodec.decode(ErrorCodec.java:167)
at org.openqa.selenium.remote.codec.w3c.W3CHttpResponseCodec.decode(W3CHttpResponseCodec.java:138)
at org.openqa.selenium.remote.codec.w3c.W3CHttpResponseCodec.decode(W3CHttpResponseCodec.java:50)
at org.openqa.selenium.remote.HttpCommandExecutor.execute(HttpCommandExecutor.java:190)
at org.openqa.selenium.remote.service.DriverCommandExecutor.invokeExecute(DriverCommandExecutor.java:216)
at org.openqa.selenium.remote.service.DriverCommandExecutor.execute(DriverCommandExecutor.java:174)
at org.openqa.selenium.remote.RemoteWebDriver.execute(RemoteWebDriver.java:518)
at org.openqa.selenium.remote.RemoteWebElement.execute(RemoteWebElement.java:223)
at org.openqa.selenium.remote.RemoteWebElement.click(RemoteWebElement.java:76)
at org.openqa.selenium.support.pagefactory.internal.LocatingElementHandler.invoke(LocatingElementHandler.java:51)
at jdk.proxy2/jdk.proxy2.$Proxy15.click(Unknown Source)
at pages.SearchAdminUser_Page.openAdminUserPage(SearchAdminUser_Page.java:26)
at testScript.SearchAdminUser_Test.verifyUserIsAbleToSearchUser(SearchAdminUser_Test.java:24)
at java.base/java.util.ArrayList.forEach(ArrayList.java:1511)
... Removed 36 stack frames]]>
    </failure>
  </testcase> <!-- verifyUserIsAbleToSearchUser -->
  <testcase classname="testScript.EditUserInformation_Test" name="verifyUserIsAbleToEditUserInformation" time="11.695">
    <failure type="org.openqa.selenium.ElementNotInteractableException" message="element not interactable
  (Session info: chrome=127.0.6533.120)
Build info: version: &amp;apos;4.21.0&amp;apos;, revision: &amp;apos;79ed462ef4&amp;apos;
System info: os.name: &amp;apos;Windows 11&amp;apos;, os.arch: &amp;apos;amd64&amp;apos;, os.version: &amp;apos;10.0&amp;apos;, java.version: &amp;apos;17.0.10&amp;apos;
Driver info: org.openqa.selenium.chrome.ChromeDriver
Command: [75c92cfdf147a7438d2e5363f24325bd, clickElement {id=f.F22DACDA1AC00D498ED582138AF762DA.d.1DF0604AB63C30A6B93174E1BAD904E9.e.298}]
Capabilities {acceptInsecureCerts: false, browserName: chrome, browserVersion: 127.0.6533.120, chrome: {chromedriverVersion: 127.0.6533.119 (bdef6783a05..., userDataDir: C:\Users\donat\AppData\Loca...}, fedcm:accounts: true, goog:chromeOptions: {debuggerAddress: localhost:64311}, networkConnectionEnabled: false, pageLoadStrategy: normal, platformName: windows, proxy: Proxy(), se:cdp: ws://localhost:64311/devtoo..., se:cdpVersion: 127.0.6533.120, setWindowRect: true, strictFileInteractability: false, timeouts: {implicit: 0, pageLoad: 300000, script: 30000}, unhandledPromptBehavior: dismiss and notify, webauthn:extension:credBlob: true, webauthn:extension:largeBlob: true, webauthn:extension:minPinLength: true, webauthn:extension:prf: true, webauthn:virtualAuthenticators: true}
Element: [[ChromeDriver: chrome on windows (75c92cfdf147a7438d2e5363f24325bd)] -&amp;gt; xpath: //a[@href=&amp;apos;https://groceryapp.uniqassosiates.com/admin/list-admin&amp;apos;]]
Session ID: 75c92cfdf147a7438d2e5363f24325bd">
      <![CDATA[org.openqa.selenium.ElementNotInteractableException: element not interactable
  (Session info: chrome=127.0.6533.120)
Build info: version: '4.21.0', revision: '79ed462ef4'
System info: os.name: 'Windows 11', os.arch: 'amd64', os.version: '10.0', java.version: '17.0.10'
Driver info: org.openqa.selenium.chrome.ChromeDriver
Command: [75c92cfdf147a7438d2e5363f24325bd, clickElement {id=f.F22DACDA1AC00D498ED582138AF762DA.d.1DF0604AB63C30A6B93174E1BAD904E9.e.298}]
Capabilities {acceptInsecureCerts: false, browserName: chrome, browserVersion: 127.0.6533.120, chrome: {chromedriverVersion: 127.0.6533.119 (bdef6783a05..., userDataDir: C:\Users\donat\AppData\Loca...}, fedcm:accounts: true, goog:chromeOptions: {debuggerAddress: localhost:64311}, networkConnectionEnabled: false, pageLoadStrategy: normal, platformName: windows, proxy: Proxy(), se:cdp: ws://localhost:64311/devtoo..., se:cdpVersion: 127.0.6533.120, setWindowRect: true, strictFileInteractability: false, timeouts: {implicit: 0, pageLoad: 300000, script: 30000}, unhandledPromptBehavior: dismiss and notify, webauthn:extension:credBlob: true, webauthn:extension:largeBlob: true, webauthn:extension:minPinLength: true, webauthn:extension:prf: true, webauthn:virtualAuthenticators: true}
Element: [[ChromeDriver: chrome on windows (75c92cfdf147a7438d2e5363f24325bd)] -> xpath: //a[@href='https://groceryapp.uniqassosiates.com/admin/list-admin']]
Session ID: 75c92cfdf147a7438d2e5363f24325bd
at org.openqa.selenium.remote.ErrorCodec.decode(ErrorCodec.java:167)
at org.openqa.selenium.remote.codec.w3c.W3CHttpResponseCodec.decode(W3CHttpResponseCodec.java:138)
at org.openqa.selenium.remote.codec.w3c.W3CHttpResponseCodec.decode(W3CHttpResponseCodec.java:50)
at org.openqa.selenium.remote.HttpCommandExecutor.execute(HttpCommandExecutor.java:190)
at org.openqa.selenium.remote.service.DriverCommandExecutor.invokeExecute(DriverCommandExecutor.java:216)
at org.openqa.selenium.remote.service.DriverCommandExecutor.execute(DriverCommandExecutor.java:174)
at org.openqa.selenium.remote.RemoteWebDriver.execute(RemoteWebDriver.java:518)
at org.openqa.selenium.remote.RemoteWebElement.execute(RemoteWebElement.java:223)
at org.openqa.selenium.remote.RemoteWebElement.click(RemoteWebElement.java:76)
at org.openqa.selenium.support.pagefactory.internal.LocatingElementHandler.invoke(LocatingElementHandler.java:51)
at jdk.proxy2/jdk.proxy2.$Proxy15.click(Unknown Source)
at pages.EditUserInformation_Page.openAdminUserPage(EditUserInformation_Page.java:26)
at testScript.EditUserInformation_Test.verifyUserIsAbleToEditUserInformation(EditUserInformation_Test.java:24)
at java.base/java.util.ArrayList.forEach(ArrayList.java:1511)
... Removed 36 stack frames]]>
    </failure>
  </testcase> <!-- verifyUserIsAbleToEditUserInformation -->
  <testcase classname="testScript.DeleteAdminUser_Test" name="verifyUserIsAbleToDeleteUserFromList" time="2.177"/>
  <testcase classname="testScript.LoginPage_Test" name="verifyUserIsAbleToLoginUsingValidUsernameInvalidPassword" time="0.0">
    <ignored/>
  </testcase> <!-- verifyUserIsAbleToLoginUsingValidUsernameInvalidPassword -->
  <testcase classname="testScript.LoginPage_Test" name="verifyUserIsAbleToLoginUsinginvalidcredentials" time="0.0">
    <ignored/>
  </testcase> <!-- verifyUserIsAbleToLoginUsinginvalidcredentials -->
  <testcase classname="testScript.LoginPage_Test" name="verifyUserIsAbleToLoginUsingInvalidUsernameValidPassword" time="0.0">
    <ignored/>
  </testcase> <!-- verifyUserIsAbleToLoginUsingInvalidUsernameValidPassword -->
  <testcase classname="testScript.Base" name="f" time="0.0">
    <ignored/>
  </testcase> <!-- f -->
  <testcase classname="testScript.Base" name="f" time="0.0">
    <ignored/>
  </testcase> <!-- f -->
  <testcase classname="testScript.Base" name="f" time="0.0">
    <ignored/>
  </testcase> <!-- f -->
  <testcase classname="testScript.Base" name="f" time="0.0">
    <ignored/>
  </testcase> <!-- f -->
  <testcase classname="testScript.Base" name="f" time="0.0">
    <ignored/>
  </testcase> <!-- f -->
  <testcase classname="testScript.Base" name="f" time="0.0">
    <ignored/>
  </testcase> <!-- f -->
  <testcase classname="testScript.Base" name="f" time="0.0">
    <ignored/>
  </testcase> <!-- f -->
</testsuite> <!-- TestngFile -->
