<?xml version="1.0" encoding="UTF-8"?>
<testng-results ignored="4" total="5" passed="1" failed="0" skipped="0">
  <reporter-output>
  </reporter-output>
  <suite started-at="2024-08-22T13:22:39 IST" name="Grouping" finished-at="2024-08-22T13:22:43 IST" duration-ms="4004">
    <groups>
      <group name="Smoke testing">
        <method signature="LoginPage_Test.verifyUserIsAbleToLoginUsingValidUsernameInvalidPassword(java.lang.String,java.lang.String)[pri:0, instance:testScript.LoginPage_Test@790da477]" name="verifyUserIsAbleToLoginUsingValidUsernameInvalidPassword" class="testScript.LoginPage_Test"/>
      </group> <!-- Smoke testing -->
    </groups>
    <test started-at="2024-08-22T13:22:39 IST" name="Grouping.xml" finished-at="2024-08-22T13:22:43 IST" duration-ms="4004">
      <class name="testScript.LoginPage_Test">
        <test-method is-config="true" signature="initialiseBrowser(java.lang.String)[pri:0, instance:testScript.LoginPage_Test@790da477]" started-at="2024-08-22T13:22:39 IST" name="initialiseBrowser" finished-at="2024-08-22T13:22:42 IST" duration-ms="3137" status="PASS">
          <params>
            <param index="0">
              <value>
                <![CDATA[Chrome]]>
              </value>
            </param>
          </params>
          <reporter-output>
          </reporter-output>
        </test-method> <!-- initialiseBrowser -->
        <test-method signature="verifyUserIsAbleToLoginUsingValidUsernameInvalidPassword(java.lang.String,java.lang.String)[pri:0, instance:testScript.LoginPage_Test@790da477]" started-at="2024-08-22T13:22:42 IST" name="verifyUserIsAbleToLoginUsingValidUsernameInvalidPassword" finished-at="2024-08-22T13:22:43 IST" duration-ms="815" status="PASS">
          <params>
            <param index="0">
              <value>
                <![CDATA[2345678]]>
              </value>
            </param>
            <param index="1">
              <value>
                <![CDATA[admin]]>
              </value>
            </param>
          </params>
          <reporter-output>
          </reporter-output>
        </test-method> <!-- verifyUserIsAbleToLoginUsingValidUsernameInvalidPassword -->
      </class> <!-- testScript.LoginPage_Test -->
    </test> <!-- Grouping.xml -->
  </suite> <!-- Grouping -->
</testng-results>
