<?xml version="1.0" encoding="UTF-8"?>
<!-- Generated by org.testng.reporters.JUnitXMLReporter -->
<testsuite ignored="3" hostname="hp252734T" failures="0" tests="2" name="Chrome Test" time="4.778" errors="0" timestamp="2024-08-22T12:15:52 IST">
  <testcase classname="testScript.LoginPage_Test" name="verifyUserIsAbleToLoginUsingValidCredentials" time="0.65"/>
  <testcase classname="testScript.LoginPage_Test" name="verifyUserIsAbleToLoginUsingValidUsernameInvalidPassword" time="0.379"/>
  <testcase classname="testScript.LoginPage_Test" name="verifyUserIsAbleToLoginUsinginvalidcredentials" time="0.0">
    <ignored/>
  </testcase> <!-- verifyUserIsAbleToLoginUsinginvalidcredentials -->
  <testcase classname="testScript.LoginPage_Test" name="verifyUserIsAbleToLoginUsingInvalidUsernameValidPassword" time="0.0">
    <ignored/>
  </testcase> <!-- verifyUserIsAbleToLoginUsingInvalidUsernameValidPassword -->
  <testcase classname="testScript.Base" name="f" time="0.0">
    <ignored/>
  </testcase> <!-- f -->
</testsuite> <!-- Chrome Test -->
